Using pre-set license
Built from '2020.3/staging' branch; Version is '2020.3.25f1 (9b9180224418) revision 10195328'; Using compiler version '192528614'; Build Type 'Release'
OS: 'Windows 10  (10.0.19042) 64bit Professional' Language: 'ko' Physical Memory: 16221 MB
BatchMode: 1, IsHumanControllingUs: 0, StartBugReporterOnCrash: 0, Is64bit: 1, IsPro: 0

COMMAND LINE ARGUMENTS:
C:\Program Files\2020.3.25f1\Editor\Unity.exe
-adb2
-batchMode
-noUpm
-name
AssetImportWorker0
-projectPath
C:/Users/jeoun/OneDrive/문서/GitHub/To_Busan/To Busan
-logFile
Logs/AssetImportWorker0.log
-srvPort
54711
Successfully changed project path to: C:/Users/jeoun/OneDrive/문서/GitHub/To_Busan/To Busan
C:/Users/jeoun/OneDrive/문서/GitHub/To_Busan/To Busan
Using Asset Import Pipeline V2.
Refreshing native plugins compatible for Editor in 129.08 ms, found 3 plugins.
Preloading 0 native plugins for Editor in 0.00 ms.
Initialize engine version: 2020.3.25f1 (9b9180224418)
[Subsystems] Discovering subsystems at path C:/Program Files/2020.3.25f1/Editor/Data/Resources/UnitySubsystems
[Subsystems] Discovering subsystems at path C:/Users/jeoun/OneDrive/문서/GitHub/To_Busan/To Busan/Assets
GfxDevice: creating device client; threaded=0
Direct3D:
    Version:  Direct3D 11.0 [level 11.1]
    Renderer: NVIDIA GeForce MX250 (ID=0x1d13)
    Vendor:   
    VRAM:     1983 MB
    Driver:   30.0.14.7242
Initialize mono
Mono path[0] = 'C:/Program Files/2020.3.25f1/Editor/Data/Managed'
Mono path[1] = 'C:/Program Files/2020.3.25f1/Editor/Data/MonoBleedingEdge/lib/mono/unityjit'
Mono config path = 'C:/Program Files/2020.3.25f1/Editor/Data/MonoBleedingEdge/etc'
Using monoOptions --debugger-agent=transport=dt_socket,embedding=1,server=y,suspend=n,address=127.0.0.1:56864
Begin MonoManager ReloadAssembly
Registering precompiled unity dll's ...
Register platform support module: C:/Program Files/2020.3.25f1/Editor/Data/PlaybackEngines/WindowsStandaloneSupport/UnityEditor.WindowsStandalone.Extensions.dll
Registered in 0.003470 seconds.
Native extension for WindowsStandalone target not found
Refreshing native plugins compatible for Editor in 52.04 ms, found 3 plugins.
Preloading 0 native plugins for Editor in 0.00 ms.
Mono: successfully reloaded assembly
- Completed reload, in  0.833 seconds
Domain Reload Profiling:
	ReloadAssembly (833ms)
		BeginReloadAssembly (88ms)
			ExecutionOrderSort (0ms)
			DisableScriptedObjects (0ms)
			BackupInstance (0ms)
			ReleaseScriptingObjects (0ms)
			CreateAndSetChildDomain (1ms)
		EndReloadAssembly (654ms)
			LoadAssemblies (84ms)
			RebuildTransferFunctionScriptingTraits (0ms)
			SetupTypeCache (263ms)
			ReleaseScriptCaches (0ms)
			RebuildScriptCaches (33ms)
			SetupLoadedEditorAssemblies (218ms)
				LogAssemblyErrors (0ms)
				InitializePlatformSupportModulesInManaged (6ms)
				SetLoadedEditorAssemblies (0ms)
				RefreshPlugins (52ms)
				BeforeProcessingInitializeOnLoad (18ms)
				ProcessInitializeOnLoadAttributes (112ms)
				ProcessInitializeOnLoadMethodAttributes (29ms)
				AfterProcessingInitializeOnLoad (0ms)
				EditorAssembliesLoaded (0ms)
			ExecutionOrderSort2 (0ms)
			AwakeInstancesAfterBackupRestoration (0ms)
Platform modules already initialized, skipping
Registering precompiled user dll's ...
Registered in 0.010002 seconds.
Begin MonoManager ReloadAssembly
Symbol file data-0000020A06C6A060 doesn't match image C:\Users\jeoun\OneDrive\문서\GitHub\To_Busan\To Busan\Library\ScriptAssemblies\Assembly-CSharp.dll
Symbol file LoadedFromMemory is not a mono symbol file
Native extension for WindowsStandalone target not found
Refreshing native plugins compatible for Editor in 43.44 ms, found 3 plugins.
Preloading 0 native plugins for Editor in 0.00 ms.
Mono: successfully reloaded assembly
- Completed reload, in  1.692 seconds
Domain Reload Profiling:
	ReloadAssembly (1694ms)
		BeginReloadAssembly (307ms)
			ExecutionOrderSort (0ms)
			DisableScriptedObjects (12ms)
			BackupInstance (0ms)
			ReleaseScriptingObjects (0ms)
			CreateAndSetChildDomain (23ms)
		EndReloadAssembly (1284ms)
			LoadAssemblies (210ms)
			RebuildTransferFunctionScriptingTraits (0ms)
			SetupTypeCache (433ms)
			ReleaseScriptCaches (0ms)
			RebuildScriptCaches (68ms)
			SetupLoadedEditorAssemblies (422ms)
				LogAssemblyErrors (0ms)
				InitializePlatformSupportModulesInManaged (3ms)
				SetLoadedEditorAssemblies (0ms)
				RefreshPlugins (44ms)
				BeforeProcessingInitializeOnLoad (99ms)
				ProcessInitializeOnLoadAttributes (243ms)
				ProcessInitializeOnLoadMethodAttributes (19ms)
				AfterProcessingInitializeOnLoad (14ms)
				EditorAssembliesLoaded (0ms)
			ExecutionOrderSort2 (0ms)
			AwakeInstancesAfterBackupRestoration (7ms)
Platform modules already initialized, skipping
========================================================================
Worker process is ready to serve import requests
Launched and connected shader compiler UnityShaderCompiler.exe after 0.07 seconds
Refreshing native plugins compatible for Editor in 0.57 ms, found 3 plugins.
Preloading 0 native plugins for Editor in 0.00 ms.
Unloading 2195 Unused Serialized files (Serialized files now loaded: 0)
System memory in use before: 95.9 MB.
System memory in use after: 96.0 MB.

Unloading 28 unused Assets to reduce memory usage. Loaded Objects now: 2629.
Total: 4.629500 ms (FindLiveObjects: 0.300000 ms CreateObjectMapping: 0.173700 ms MarkObjects: 4.056700 ms  DeleteObjects: 0.097800 ms)

AssetImportParameters requested are different than current active one (requested -> active):
  custom:framework-win-MediaFoundation: 216162199b28c13a410421893ffa2e32 -> 
  custom:video-decoder-ogg-theora: a1e56fd34408186e4bbccfd4996cb3dc -> 
  custom:container-muxer-webm: aa71ff27fc2769a1b78a27578f13a17b -> 
  custom:container-demuxer-webm: 4f35f7cbe854078d1ac9338744f61a02 -> 
  custom:container-demuxer-ogg: 62fdf1f143b41e24485cea50d1cbac27 -> 
  custom:video-encoder-webm-vp8: eb34c28f22e8b96e1ab97ce403110664 -> 
  custom:video-decoder-webm-vp8: 9c59270c3fd7afecdb556c50c9e8de78 -> 
  custom:audio-decoder-ogg-vorbis: bf7c407c2cedff20999df2af8eb42d56 -> 
  custom:audio-encoder-webm-vorbis: bf7c407c2cedff20999df2af8eb42d56 -> 
========================================================================
Received Import Request.
  path: Assets/Scenes/Scene4.unity
  artifactKey: Guid(8a5acfd00cbd75443a0207cea310f559) Importer(815301076,1909f56bfc062723c751e8b465ee728b)
Start importing Assets/Scenes/Scene4.unity using Guid(8a5acfd00cbd75443a0207cea310f559) Importer(815301076,1909f56bfc062723c751e8b465ee728b)  -> (artifact id: 'c5229d6dc9181da1d0ea6844cb49ce6e') in 0.030967 seconds 
  Import took 0.036125 seconds .

========================================================================
Received Import Request.
  Time since last request: 407.395915 seconds.
  path: Assets/Scenes/Scene4.unity
  artifactKey: Guid(8a5acfd00cbd75443a0207cea310f559) Importer(815301076,1909f56bfc062723c751e8b465ee728b)
Start importing Assets/Scenes/Scene4.unity using Guid(8a5acfd00cbd75443a0207cea310f559) Importer(815301076,1909f56bfc062723c751e8b465ee728b)  -> (artifact id: 'c80081f084fd50acd9bca2bcab01789f') in 0.028535 seconds 
  Import took 0.039946 seconds .

========================================================================
Received Import Request.
  Time since last request: 35.912390 seconds.
  path: Assets/Scenes/Scene4.unity
  artifactKey: Guid(8a5acfd00cbd75443a0207cea310f559) Importer(815301076,1909f56bfc062723c751e8b465ee728b)
Start importing Assets/Scenes/Scene4.unity using Guid(8a5acfd00cbd75443a0207cea310f559) Importer(815301076,1909f56bfc062723c751e8b465ee728b)  -> (artifact id: '82994936627f0e966a0cba68c69083ea') in 0.019684 seconds 
  Import took 0.028948 seconds .

========================================================================
Received Import Request.
  Time since last request: 2020.177420 seconds.
  path: Assets/BM map image.png
  artifactKey: Guid(c6cd931909a6dd647b1c2a4a15f5ab5d) Importer(815301076,1909f56bfc062723c751e8b465ee728b)
Start importing Assets/BM map image.png using Guid(c6cd931909a6dd647b1c2a4a15f5ab5d) Importer(815301076,1909f56bfc062723c751e8b465ee728b)  -> (artifact id: 'e634380f372bf186c5d61fc3184d9c1c') in 0.303845 seconds 
  Import took 0.323791 seconds .

========================================================================
Received Import Request.
  Time since last request: 11.765174 seconds.
  path: Assets/Map/BM
  artifactKey: Guid(39cb569993803a74da133341e6f429b6) Importer(815301076,1909f56bfc062723c751e8b465ee728b)
Start importing Assets/Map/BM using Guid(39cb569993803a74da133341e6f429b6) Importer(815301076,1909f56bfc062723c751e8b465ee728b)  -> (artifact id: 'a75c96b30443ee1033e84e61d23fbf96') in 0.026909 seconds 
  Import took 0.036020 seconds .

========================================================================
Received Import Request.
  Time since last request: 12.356741 seconds.
  path: Assets/Map/BM/collider.prefab
  artifactKey: Guid(7e2c20759afda334191c8b4f3f60e6b9) Importer(815301076,1909f56bfc062723c751e8b465ee728b)
Start importing Assets/Map/BM/collider.prefab using Guid(7e2c20759afda334191c8b4f3f60e6b9) Importer(815301076,1909f56bfc062723c751e8b465ee728b)  -> (artifact id: '3b7e679c180c11c349b704ed6328c208') in 0.039427 seconds 
  Import took 0.046234 seconds .

========================================================================
Received Import Request.
  Time since last request: 91.954319 seconds.
  path: Assets/Scenes/Scene4.unity
  artifactKey: Guid(8a5acfd00cbd75443a0207cea310f559) Importer(815301076,1909f56bfc062723c751e8b465ee728b)
Start importing Assets/Scenes/Scene4.unity using Guid(8a5acfd00cbd75443a0207cea310f559) Importer(815301076,1909f56bfc062723c751e8b465ee728b)  -> (artifact id: '6b02241997e0f31230a9171f28c76801') in 0.029336 seconds 
  Import took 0.039401 seconds .

AssetImportWorkerClient::OnTransportError - code=2 error=End of file
